<?xml version="1.0" encoding="UTF-8"?>
<!-- Generated by org.testng.reporters.JUnitXMLReporter -->
<testsuite ignored="0" hostname="BOOK-KDUHJOIVO8" failures="2" tests="6" name="BankingTest" time="56.198" errors="0" timestamp="2024-07-05T00:11:11 IST">
  <testcase classname="com.inetbanking.testCases.TC_LoginTest_001" name="loginTest" time="2.505"/>
  <testcase classname="com.inetbanking.testCases.ExcelDataTest" name="testLogin" time="6.197"/>
  <testcase classname="com.inetbanking.testCases.ExcelDataTest" name="testLogin" time="5.51">
    <failure type="java.lang.AssertionError" message="expected [true] but found [false]">
      <![CDATA[java.lang.AssertionError: expected [true] but found [false]
at com.inetbanking.testCases.ExcelDataTest.testLogin(ExcelDataTest.java:25)
at java.base/java.util.ArrayList.forEach(ArrayList.java:1541)
at com.intellij.rt.testng.IDEARemoteTestNG.run(IDEARemoteTestNG.java:65)
at com.intellij.rt.testng.RemoteTestNGStarter.main(RemoteTestNGStarter.java:105)
... Removed 28 stack frames]]>
    </failure>
  </testcase> <!-- testLogin -->
  <testcase classname="com.inetbanking.testCases.ExcelDataTest" name="testLogin" time="5.187">
    <failure type="java.lang.AssertionError" message="expected [true] but found [false]">
      <![CDATA[java.lang.AssertionError: expected [true] but found [false]
at com.inetbanking.testCases.ExcelDataTest.testLogin(ExcelDataTest.java:25)
at java.base/java.util.ArrayList.forEach(ArrayList.java:1541)
at com.intellij.rt.testng.IDEARemoteTestNG.run(IDEARemoteTestNG.java:65)
at com.intellij.rt.testng.RemoteTestNGStarter.main(RemoteTestNGStarter.java:105)
... Removed 28 stack frames]]>
    </failure>
  </testcase> <!-- testLogin -->
  <testcase classname="com.inetbanking.testCases.ExcelDataTest" name="testLogin" time="6.63"/>
  <testcase classname="com.inetbanking.testCases.TC_AddCustomer_003" name="addNewCustomer" time="15.017"/>
</testsuite> <!-- BankingTest -->
